265B8001TGHU 75679320030404TERMINATED   
265B8101TRIU 46084820030218ARRIVEDNUMMI 
265B8101TRIU 46084820030218TERMINATED   
265B8701TRLU 52051920030404TERMINATED   
265B9901GATU 81953420030404TERMINATED   
265B9801APMU 80515420030404TERMINATED   
265B9701SEAU 84270820030403TERMINATED   
265B9301MAEU 73633420030403TERMINATED   
265B9101TTNU 43211320030404TERMINATED   
205F4401GLDU 04291620030404TERMINATED   
265B9201MAEU 71140920030402TERMINATED   
265M3801HJCU 41259420030402TERMINATED   
205F3801NYKU 60097920030409TERMINATED   
265G9601GESU 40797620030402TERMINATED   
225D8601TCKU 96220720030328TERMINATED   
88WH4201CAXU 70796720030401TERMINATED   
205F3901NYKU 60671520030411ARRIVEDNUMMI 
225D1501NYKU 61313120030402INTRANSIT    
265G9501SENU 42666020030401TERMINATED   
78WH3301SEAU 87000820030331TERMINATED   
205G0001TRLU 61561120030410ARRIVEDNUMMI 
205F4101TRLU 63181920030331TERMINATED   
19WH3801MAEU 45118720030401TERMINATED   
205F4301NYKU 60925020030402TERMINATED   
265M1601HJCU 11678420030328TERMINATED   
92WH4201BENU 48044820030328TERMINATED   
21WH3801MSKU 80861120030402TERMINATED   
54WH3501TTNU 49035420030331TERMINATED   
22WH3801SCZU 39477920030403TERMINATED   
36WH3701TRLU 44905020030402TERMINATED   
95WH4001SEAU 48509620030408TERMINATED   
265L2301HJCU 72574620030403TERMINATED   
23WH3801HJCU 76458920030328TERMINATED   
265M3101HJCU 74275720030331TERMINATED   
265G8801TOLU 22689920030331TERMINATED   
95WH4201MAEU 63026420030403TERMINATED   
79WH3301MSKU 61875820030408ARRIVEDNUMMI 
79WH3301MSKU 61875820030409TERMINATED   
23WH4101INKU 22457320030408TERMINATED   
265M3401HJCU 72561020030401TERMINATED   
39WH3701MSKU 61908620030404TERMINATED   
53WH3501SCMU 40095520030328TERMINATED   
15WH4101TEXU 72563720030402TERMINATED   
98WH4201MAEU 71538220030408TERMINATED   
80WH3301MSKU 61368920030403TERMINATED   
265G9301HJCU 75667820030401TERMINATED   
265S4401SEAU 82433320030328TERMINATED   
265L2501TTNU 51147720030402TERMINATED   
97WH4201TTNU 50013920030408TERMINATED   
40WH3701NYKU 61324720030402TERMINATED   
265M4101MAEU 82294320030331TERMINATED   
99WH4201TRLU 43096320030403TERMINATED   
265L2701HJCU 78760720030409TERMINATED   
20WH4101HJCU 76355120030409ARRIVEDNUMMI 
20WH4101HJCU 76355120030409TERMINATED   
265G1001TEXU 54570320030410ARRIVEDNUMMI 
265G1001TEXU 54570320030410TERMINATED   
265M4801INBU 49264520030410ARRIVEDNUMMI 
265G0501TGHU 70517020030403TERMINATED   
265G0601INKU 28082420030331TERMINATED   
265M5301TEXU 51402820030410ARRIVEDNUMMI 
265M5301TEXU 51402820030410TERMINATED   
205G0501HJCU 77305620030407TERMINATED   
265S4801TOLU 17131920030408TERMINATED   
265M5401APMU 45446620030410ARRIVEDNUMMI 
265M5401APMU 45446620030410TERMINATED   
45WH3701FSCU 41845720030410ARRIVEDNUMMI 
45WH3701FSCU 41845720030410TERMINATED   
265G0701MSKU 81670720030402TERMINATED   
265M4901NYKU 62000120030404TERMINATED   
265G0801NYKU 54471420030408ARRIVEDNUMMI 
265G0801NYKU 54471420030409TERMINATED   
265M5001SEAU 85618320030408TERMINATED   
60WH3501HJCU 76486220030408TERMINATED   
22WH4101TEXU 71366420030408ARRIVEDNUMMI 
22WH4101TEXU 71366420030409TERMINATED   
205G0601HJCU 78985420030403TERMINATED   
21WH4101TTNU 95764720030404TERMINATED   
30WH3801MSKU 82337120030409ARRIVEDNUMMI 
30WH3801MSKU 82337120030409TERMINATED   
61WH3501NYKU 54021420030409ARRIVEDNUMMI 
61WH3501NYKU 54021420030409TERMINATED   
265G1101CRXU 95135920030407TERMINATED   
265M5101TTNU 96646020030408TERMINATED   
265M5201HJCU 11168020030409ARRIVEDNUMMI 
265M5201HJCU 11168020030409TERMINATED   
47WH3701TTNU 43354720030409TERMINATED   
265G1201HJCU 12642320030402TERMINATED   
265S4901SEAU 84609620030410ARRIVEDNUMMI 
265S4901SEAU 84609620030410TERMINATED   
265M5601SENU 50661320030407TERMINATED   
265L3201HDMU 45485720030402INTRANSIT    
265G1401TCKU 91223120030407TERMINATED   
48WH3701TTNU 55227120030410ARRIVEDNUMMI 
48WH3701TTNU 55227120030410TERMINATED   
05WH4201ICSU 18474020030331INTRANSIT    
265M5901MAEU 83714420030409TERMINATED   
265G1701SEAU 85609320030408TERMINATED   
265G1601MAEU 82166620030410ARRIVEDNUMMI 
265G1601MAEU 82166620030410TERMINATED   
265M5701TGHU 74166720030408TERMINATED   
04WH4201TTNU 55455520030328INTRANSIT    
04WH4201TTNU 55455520030410ARRIVEDNUMMI 
04WH4201TTNU 55455520030410TERMINATED   
265M6001CLHU 80112020030331INTRANSIT    
205G1001TRLU 57488420030331INTRANSIT    
265M6101GATU 81123720030331INTRANSIT    
265M6101GATU 81123720030409ARRIVEDNUMMI 
265M6101GATU 81123720030409TERMINATED   
265L3101APMU 45287720030331INTRANSIT    
265S5001MSKU 45486220030331INTRANSIT    
265G1801MSKU 45500920030331INTRANSIT    
265G1801MSKU 45500920030410ARRIVEDNUMMI 
265G1801MSKU 45500920030410TERMINATED   
265G1901SEAU 48618320030331INTRANSIT    
25WH4101TTNU 94751120030331INTRANSIT    
32WH3801HJCU 10555820030331INTRANSIT    
65WH3501NYKU 62077520030331INTRANSIT    
64WH3501MSKU 45406920030331INTRANSIT    
83WH3301MAEU 83141020030331INTRANSIT    
205F5201TRLU 60677220030331INTRANSIT    
49WH3701TTNU 47706120030331INTRANSIT    
265M6401TTNU 93458220030402INTRANSIT    
265M6601SEAU 87243020030402INTRANSIT    
265M6501APMU 45569720030402INTRANSIT    
66WH3501MAEU 81666020030401INTRANSIT    
265S5101TRLU 58138820030331INTRANSIT    
265S5101TRLU 58138820030409ARRIVEDNUMMI 
RGA28441TRL  53'   20030402INTRANSIT    
265M6201MAEU 45035520030401INTRANSIT    
265S5201NYKU 69749020030401INTRANSIT    
265G2101TEXU 54521620030401INTRANSIT    
265G2001APMU 45645520030401INTRANSIT    
265M6301MAEU 45761320030401INTRANSIT    
26WH4101MAEU 45738920030401INTRANSIT    
205G1101MAEU 45691620030401INTRANSIT    
50WH3701TTNU 46890720030401INTRANSIT    
33WH3801TRLU 54648020030401INTRANSIT    
265S5301HDMU 44690420030402INTRANSIT    
RGA28436PATU 54449720030402INTRANSIT    
51WH3701TTNU 52098720030402INTRANSIT    
205F5301TRIU 55518520030402INTRANSIT    
06WH4201TTNU 52065020030402INTRANSIT    
265G2301HJCU 78608720030402INTRANSIT    
265G2201SENU 42829720030402INTRANSIT    
67WH3501MSKU 45337320030402INTRANSIT    
68WH3501HDMU 41866120030402INTRANSIT    
34WH3801HDMU 42220320030402INTRANSIT    
27WH4101HDMU 42880620030402INTRANSIT    
265M6801UESU 41593320030403INTRANSIT    
265M6701APMU 45266720030403INTRANSIT    
35WH3801MSKU 45351920030402INTRANSIT    
205G1301APMU 45585520030402INTRANSIT    
07WH4201NYKU 61266720030403INTRANSIT    
52WH3701TTNU 46752920030403INTRANSIT    
69WH3501TRLU 53009120030403INTRANSIT    
265S5401MSKU 45518220030403INTRANSIT    
265G2401MAEU 45760820030403INTRANSIT    
265G2501MAEU 45719820030403INTRANSIT    
99WH4001SEAU 48649820030403INTRANSIT    
205G1401NYKU 62039520030403INTRANSIT    
29WH4101TRLU 55565520030403INTRANSIT    
205F5501SENU 50573020030407INTRANSIT    
RGA28440PATU 54367720030403INTRANSIT    
RGA28440APCU 53022820030403INTRANSIT    
RGA28438PATU 54341720030403INTRANSIT    
RGA28436PATU 54209520030403INTRANSIT    
RGA28439PATU 54025120030403INTRANSIT    
265M6901SEAU 87023220030404INTRANSIT    
54WH3701MSKU 61068320030407INTRANSIT    
30WH4101MAEU 73085220030407INTRANSIT    
72WH3501CLHU 44447020030407INTRANSIT    
85WH3301TRIU 45508220030409INTRANSIT    
31WH4101CLHU 44608020030407INTRANSIT    
53WH3701TTNU 52076820030404INTRANSIT    
08WH4201TGHU 75088020030404INTRANSIT    
205F5401GSTU 95500620030404INTRANSIT    
265G2701MAEU 45000120030404INTRANSIT    
265G2601MSKU 45137020030404INTRANSIT    
265L3301SEAU 48549120030404INTRANSIT    
265M7001TTNU 99818120030404INTRANSIT    
84WH3301TRLU 54856020030404INTRANSIT    
09WH4201TTNU 51307120030407INTRANSIT    
265M7101TTNU 99336420030407INTRANSIT    
265M7201CLHU 44606320030407INTRANSIT    
265M7301TGHU 80721920030407INTRANSIT    
265G2801GATU 84466720030407INTRANSIT    
265G2901CLHU 40117420030407INTRANSIT    
265S3501NYKU 54056320030407INTRANSIT    
205G1501TTNU 99607020030407INTRANSIT    
71WH3501TRIU 99281620030407INTRANSIT    
36WH3801TRLU 56512620030407INTRANSIT    
73WH3501MSKU 60244920030408INTRANSIT    
265G3201TTNU 92616820030409INTRANSIT    
265G3001SEAU 82386120030408INTRANSIT    
55WH3701TEXU 72847520030408INTRANSIT    
10WH4201GATU 42137420030408INTRANSIT    
265G3101MAEU 83871020030408INTRANSIT    
265L3601TRIU 91891320030408INTRANSIT    
205G1601TGHU 76101720030408INTRANSIT    
32WH4101FSCU 65738020030408INTRANSIT    
265M8101SEAU 48236820030410INTRANSIT    
265M7601TRLU 52867920030409INTRANSIT    
205G1701TRLU 63874920030409INTRANSIT    
00WH4001TTNU 90731420030409INTRANSIT    
265M7701TOLU 17213120030409INTRANSIT    
56WH3701TRLU 55159020030409INTRANSIT    
11WH4201NYKU 61290620030409INTRANSIT    
37WH3801MAEU 45065420030409INTRANSIT    
33WH4101TRIU 53179620030409INTRANSIT    
74WH3501TRLU 63295320030409INTRANSIT    
205G1801NYKU 54130420030409INTRANSIT    
13WH4201CAXU 41311920030410INTRANSIT    
57WH3701TRIU 54114820030410INTRANSIT    
12WH4201NYKU 60905320030410INTRANSIT    
265S5701TTNU 53023620030410INTRANSIT    
265G3301TTNU 98957220030410INTRANSIT    
34WH4101TRLU 55628120030410INTRANSIT    
205G1901FSCU 64758820030410INTRANSIT    
265G3501INBU 52411920030411INTRANSIT    
265G3401GLDU 09645620030411INTRANSIT    
265G3601SCZU 32393820030411INTRANSIT    
265M8201TRLU 58774020030411INTRANSIT    
265G3701MAEU 61943920030411INTRANSIT    
75WH3501MAEU 63333820030411INTRANSIT    
205F5601TGHU 43721820030411INTRANSIT    
58WH3701INBU 51234820030411INTRANSIT    
38WH3801MAEU 73663920030411INTRANSIT    
